{"numTotalTestSuites":2,"numPassedTestSuites":0,"numFailedTestSuites":2,"numPendingTestSuites":0,"numTotalTests":3,"numPassedTests":1,"numFailedTests":2,"numPendingTests":0,"numTodoTests":0,"snapshot":{"added":0,"failure":false,"filesAdded":0,"filesRemoved":0,"filesRemovedList":[],"filesUnmatched":0,"filesUpdated":0,"matched":0,"total":0,"unchecked":0,"uncheckedKeysByFile":[],"unmatched":0,"updated":0,"didUpdate":false},"startTime":1789251128002,"success":false,"testResults":[{"assertionResults":[{"ancestorTitles":["NewAnalysisPage (Phase 3 workflow)"],"fullName":"NewAnalysisPage (Phase 3 workflow) shows the guided workflow and can switch environment-specific questions","status":"failed","title":"shows the guided workflow and can switch environment-specific questions","duration":419.44019999999955,"failureMessages":["TestingLibraryElementError: Unable to find an accessible element with the role \"radio\" and name `/slope & landslide risk corridor/i`\n\nHere are the accessible roles:\n\n  heading:\n\n  Name \"New Environmental Analysis\":\n  \u001b[36m<h1\u001b[39m\n    \u001b[33mclass\u001b[39m=\u001b[32m\"text-xl font-bold tracking-tight text-slate-900\"\u001b[39m\n  \u001b[36m/>\u001b[39m\n\n  Name \"Analysis preparation workflow\":\n  \u001b[36m<h2\u001b[39m\n    \u001b[33mclass\u001b[39m=\u001b[32m\"text-sm font-semibold text-slate-900\"\u001b[39m\n  \u001b[36m/>\u001b[39m\n\n  Name \"Investigation context\":\n  \u001b[36m<h3\u001b[39m\n    \u001b[33mclass\u001b[39m=\u001b[32m\"text-base font-semibold text-slate-900 leading-none tracking-tight\"\u001b[39m\n  \u001b[36m/>\u001b[39m\n\n  --------------------------------------------------\n  paragraph:\n\n  Name \"\":\n  \u001b[36m<p\u001b[39m\n    \u001b[33mclass\u001b[39m=\u001b[32m\"text-xs text-slate-500 max-w-3xl leading-relaxed\"\u001b[39m\n  \u001b[36m/>\u001b[39m\n\n  Name \"\":\n  \u001b[36m<p\u001b[39m\n    \u001b[33mclass\u001b[39m=\u001b[32m\"text-[10px] font-bold uppercase tracking-[0.22em] text-slate-500\"\u001b[39m\n  \u001b[36m/>\u001b[39m\n\n  Name \"\":\n  \u001b[36m<p\u001b[39m\n    \u001b[33mclass\u001b[39m=\u001b[32m\"text-[11px] text-slate-500\"\u001b[39m\n  \u001b[36m/>\u001b[39m\n\n  Name \"\":\n  \u001b[36m<p\u001b[39m\n    \u001b[33mclass\u001b[39m=\u001b[32m\"text-[11px] text-slate-500\"\u001b[39m\n  \u001b[36m/>\u001b[39m\n\n  Name \"\":\n  \u001b[36m<p\u001b[39m\n    \u001b[33mclass\u001b[39m=\u001b[32m\"text-[11px] text-slate-500\"\u001b[39m\n  \u001b[36m/>\u001b[39m\n\n  Name \"\":\n  \u001b[36m<p\u001b[39m\n    \u001b[33mclass\u001b[39m=\u001b[32m\"text-[11px] text-slate-500\"\u001b[39m\n  \u001b[36m/>\u001b[39m\n\n  Name \"\":\n  \u001b[36m<p\u001b[39m\n    \u001b[33mclass\u001b[39m=\u001b[32m\"text-[11px] text-slate-500\"\u001b[39m\n  \u001b[36m/>\u001b[39m\n\n  Name \"\":\n  \u001b[36m<p\u001b[39m\n    \u001b[33mclass\u001b[39m=\u001b[32m\"text-xs text-slate-500 leading-relaxed\"\u001b[39m\n  \u001b[36m/>\u001b[39m\n\n  Name \"\":\n  \u001b[36m<p\u001b[39m\n    \u001b[33mclass\u001b[39m=\u001b[32m\"text-xs text-slate-500 leading-normal\"\u001b[39m\n  \u001b[36m/>\u001b[39m\n\n  Name \"\":\n  \u001b[36m<p\u001b[39m\n    \u001b[33mclass\u001b[39m=\u001b[32m\"text-xs text-slate-500 leading-normal\"\u001b[39m\n  \u001b[36m/>\u001b[39m\n\n  Name \"\":\n  \u001b[36m<p\u001b[39m\n    \u001b[33mclass\u001b[39m=\u001b[32m\"text-xs text-slate-500 leading-normal\"\u001b[39m\n  \u001b[36m/>\u001b[39m\n\n  Name \"\":\n  \u001b[36m<p\u001b[39m\n    \u001b[33mclass\u001b[39m=\u001b[32m\"text-xs text-slate-500 leading-normal\"\u001b[39m\n  \u001b[36m/>\u001b[39m\n\n  Name \"\":\n  \u001b[36m<p\u001b[39m\n    \u001b[33mclass\u001b[39m=\u001b[32m\"text-xs text-slate-500 leading-normal\"\u001b[39m\n  \u001b[36m/>\u001b[39m\n\n  Name \"\":\n  \u001b[36m<p\u001b[39m\n    \u001b[33mclass\u001b[39m=\u001b[32m\"text-xs text-slate-500 leading-normal\"\u001b[39m\n  \u001b[36m/>\u001b[39m\n\n  Name \"\":\n  \u001b[36m<p\u001b[39m\n    \u001b[33mclass\u001b[39m=\u001b[32m\"text-xs text-slate-500\"\u001b[39m\n    \u001b[33mid\u001b[39m=\u001b[32m\":re:-helper\"\u001b[39m\n  \u001b[36m/>\u001b[39m\n\n  Name \"\":\n  \u001b[36m<p\u001b[39m\n    \u001b[33mclass\u001b[39m=\u001b[32m\"text-xs text-slate-500\"\u001b[39m\n    \u001b[33mid\u001b[39m=\u001b[32m\":rf:-helper\"\u001b[39m\n  \u001b[36m/>\u001b[39m\n\n  Name \"\":\n  \u001b[36m<p\u001b[39m\n    \u001b[33mclass\u001b[39m=\u001b[32m\"text-xs text-slate-500\"\u001b[39m\n    \u001b[33mid\u001b[39m=\u001b[32m\":rg:-helper\"\u001b[39m\n  \u001b[36m/>\u001b[39m\n\n  Name \"\":\n  \u001b[36m<p\u001b[39m\n    \u001b[33mclass\u001b[39m=\u001b[32m\"text-xs text-slate-500\"\u001b[39m\n    \u001b[33mid\u001b[39m=\u001b[32m\":rh:-helper\"\u001b[39m\n  \u001b[36m/>\u001b[39m\n\n  --------------------------------------------------\n  link:\n\n  Name \"Back to Overview\":\n  \u001b[36m<a\u001b[39m\n    \u001b[33mhref\u001b[39m=\u001b[32m\"/\"\u001b[39m\n  \u001b[36m/>\u001b[39m\n\n  --------------------------------------------------\n  button:\n\n  Name \"Back to Overview\":\n  \u001b[36m<button\u001b[39m\n    \u001b[33mclass\u001b[39m=\u001b[32m\"inline-flex items-center justify-center font-medium transition-colors focus-visible:outline-none focus-visible:ring-2 focus-visible:ring-offset-2 disabled:pointer-events-none disabled:opacity-50 select-none border border-slate-300 bg-white text-slate-700 hover:bg-slate-50 active:bg-slate-100 focus-visible:ring-slate-400 shadow-sm h-8 px-3 text-xs rounded gap-1.5\"\u001b[39m\n  \u001b[36m/>\u001b[39m\n\n  Name \"Back\":\n  \u001b[36m<button\u001b[39m\n    \u001b[33mclass\u001b[39m=\u001b[32m\"inline-flex items-center justify-center font-medium transition-colors focus-visible:outline-none focus-visible:ring-2 focus-visible:ring-offset-2 disabled:pointer-events-none disabled:opacity-50 select-none border border-slate-300 bg-white text-slate-700 hover:bg-slate-50 active:bg-slate-100 focus-visible:ring-slate-400 shadow-sm h-9 px-4 text-sm rounded-md\"\u001b[39m\n    \u001b[33mtype\u001b[39m=\u001b[32m\"button\"\u001b[39m\n  \u001b[36m/>\u001b[39m\n\n  Name \"Continue\":\n  \u001b[36m<button\u001b[39m\n    \u001b[33mclass\u001b[39m=\u001b[32m\"inline-flex items-center justify-center font-medium transition-colors focus-visible:outline-none focus-visible:ring-2 focus-visible:ring-offset-2 disabled:pointer-events-none disabled:opacity-50 select-none bg-accent-700 text-white hover:bg-accent-800 active:bg-accent-900 focus-visible:ring-accent-700 shadow-sm h-9 px-4 text-sm rounded-md\"\u001b[39m\n    \u001b[33mtype\u001b[39m=\u001b[32m\"button\"\u001b[39m\n  \u001b[36m/>\u001b[39m\n\n  --------------------------------------------------\n  checkbox:\n\n  Name \"Potential Riverbank Erosion\":\n  \u001b[36m<input\u001b[39m\n    \u001b[33mclass\u001b[39m=\u001b[32m\"peer h-4 w-4 shrink-0 rounded border border-slate-300 bg-white text-accent-700 focus-visible:outline-none focus-visible:ring-1 focus-visible:ring-accent-700 disabled:cursor-not-allowed disabled:opacity-50 accent-accent-700\"\u001b[39m\n    \u001b[33mid\u001b[39m=\u001b[32m\":r8:\"\u001b[39m\n    \u001b[33mtype\u001b[39m=\u001b[32m\"checkbox\"\u001b[39m\n  \u001b[36m/>\u001b[39m\n\n  Name \"Significant Water-Area Change\":\n  \u001b[36m<input\u001b[39m\n    \u001b[33mclass\u001b[39m=\u001b[32m\"peer h-4 w-4 shrink-0 rounded border border-slate-300 bg-white text-accent-700 focus-visible:outline-none focus-visible:ring-1 focus-visible:ring-accent-700 disabled:cursor-not-allowed disabled:opacity-50 accent-accent-700\"\u001b[39m\n    \u001b[33mid\u001b[39m=\u001b[32m\":r9:\"\u001b[39m\n    \u001b[33mtype\u001b[39m=\u001b[32m\"checkbox\"\u001b[39m\n  \u001b[36m/>\u001b[39m\n\n  Name \"Exposed Riverbed\":\n  \u001b[36m<input\u001b[39m\n    \u001b[33mclass\u001b[39m=\u001b[32m\"peer h-4 w-4 shrink-0 rounded border border-slate-300 bg-white text-accent-700 focus-visible:outline-none focus-visible:ring-1 focus-visible:ring-accent-700 disabled:cursor-not-allowed disabled:opacity-50 accent-accent-700\"\u001b[39m\n    \u001b[33mid\u001b[39m=\u001b[32m\":ra:\"\u001b[39m\n    \u001b[33mtype\u001b[39m=\u001b[32m\"checkbox\"\u001b[39m\n  \u001b[36m/>\u001b[39m\n\n  Name \"Potential Sediment-Related / Exposed-Bed Change\":\n  \u001b[36m<input\u001b[39m\n    \u001b[33mclass\u001b[39m=\u001b[32m\"peer h-4 w-4 shrink-0 rounded border border-slate-300 bg-white text-accent-700 focus-visible:outline-none focus-visible:ring-1 focus-visible:ring-accent-700 disabled:cursor-not-allowed disabled:opacity-50 accent-accent-700\"\u001b[39m\n    \u001b[33mid\u001b[39m=\u001b[32m\":rb:\"\u001b[39m\n    \u001b[33mtype\u001b[39m=\u001b[32m\"checkbox\"\u001b[39m\n  \u001b[36m/>\u001b[39m\n\n  Name \"Riverbank Movement\":\n  \u001b[36m<input\u001b[39m\n    \u001b[33mclass\u001b[39m=\u001b[32m\"peer h-4 w-4 shrink-0 rounded border border-slate-300 bg-white text-accent-700 focus-visible:outline-none focus-visible:ring-1 focus-visible:ring-accent-700 disabled:cursor-not-allowed disabled:opacity-50 accent-accent-700\"\u001b[39m\n    \u001b[33mid\u001b[39m=\u001b[32m\":rc:\"\u001b[39m\n    \u001b[33mtype\u001b[39m=\u001b[32m\"checkbox\"\u001b[39m\n  \u001b[36m/>\u001b[39m\n\n  Name \"Other Significant Water-Body Change\":\n  \u001b[36m<input\u001b[39m\n    \u001b[33mclass\u001b[39m=\u001b[32m\"peer h-4 w-4 shrink-0 rounded border border-slate-300 bg-white text-accent-700 focus-visible:outline-none focus-visible:ring-1 focus-visible:ring-accent-700 disabled:cursor-not-allowed disabled:opacity-50 accent-accent-700\"\u001b[39m\n    \u001b[33mid\u001b[39m=\u001b[32m\":rd:\"\u001b[39m\n    \u001b[33mtype\u001b[39m=\u001b[32m\"checkbox\"\u001b[39m\n  \u001b[36m/>\u001b[39m\n\n  --------------------------------------------------\n  textbox:\n\n  Name \"River Name and Basin / Reach *\":\n  \u001b[36m<input\u001b[39m\n    \u001b[33maria-describedby\u001b[39m=\u001b[32m\":re:-helper\"\u001b[39m\n    \u001b[33maria-invalid\u001b[39m=\u001b[32m\"false\"\u001b[39m\n    \u001b[33mclass\u001b[39m=\u001b[32m\"flex h-9 w-full rounded-md border border-slate-300 bg-white px-3 py-1 text-sm text-slate-900 placeholder:text-slate-400 focus-visible:outline-none focus-visible:ring-1 focus-visible:ring-accent-700 focus-visible:border-accent-700 disabled:cursor-not-allowed disabled:bg-slate-100 disabled:text-slate-500 transition-colors shadow-sm\"\u001b[39m\n    \u001b[33mid\u001b[39m=\u001b[32m\":re:\"\u001b[39m\n    \u001b[33mplaceholder\u001b[39m=\u001b[32m\"e.g., Periyar River - Lower Reach, Reach KM 42-48\"\u001b[39m\n    \u001b[33mrequired\u001b[39m=\u001b[32m\"\"\u001b[39m\n    \u001b[33mvalue\u001b[39m=\u001b[32m\"\"\u001b[39m\n  \u001b[36m/>\u001b[39m\n\n  --------------------------------------------------\n  combobox:\n\n  Name \"Has there been a significant precipitation or dam discharge event within the last 14 days? *\":\n  \u001b[36m<select\u001b[39m\n    \u001b[33maria-invalid\u001b[39m=\u001b[32m\"false\"\u001b[39m\n    \u001b[33mclass\u001b[39m=\u001b[32m\"flex h-9 w-full appearance-none rounded-md border border-slate-300 bg-white px-3 py-1 pr-8 text-sm text-slate-900 focus-visible:outline-none focus-visible:ring-1 focus-visible:ring-accent-700 focus-visible:border-accent-700 disabled:cursor-not-allowed disabled:bg-slate-100 disabled:text-slate-500 transition-colors shadow-sm\"\u001b[39m\n    \u001b[33mid\u001b[39m=\u001b[32m\":rf:\"\u001b[39m\n    \u001b[33mrequired\u001b[39m=\u001b[32m\"\"\u001b[39m\n  \u001b[36m/>\u001b[39m\n\n  Name \"Hydrological Stage Comparison *\":\n  \u001b[36m<select\u001b[39m\n    \u001b[33maria-invalid\u001b[39m=\u001b[32m\"false\"\u001b[39m\n    \u001b[33mclass\u001b[39m=\u001b[32m\"flex h-9 w-full appearance-none rounded-md border border-slate-300 bg-white px-3 py-1 pr-8 text-sm text-slate-900 focus-visible:outline-none focus-visible:ring-1 focus-visible:ring-accent-700 focus-visible:border-accent-700 disabled:cursor-not-allowed disabled:bg-slate-100 disabled:text-slate-500 transition-colors shadow-sm\"\u001b[39m\n    \u001b[33mid\u001b[39m=\u001b[32m\":rg:\"\u001b[39m\n    \u001b[33mrequired\u001b[39m=\u001b[32m\"\"\u001b[39m\n  \u001b[36m/>\u001b[39m\n\n  Name \"Proximity to downstream bridges, flood embankments, or inhabited zones\":\n  \u001b[36m<select\u001b[39m\n    \u001b[33maria-invalid\u001b[39m=\u001b[32m\"false\"\u001b[39m\n    \u001b[33mclass\u001b[39m=\u001b[32m\"flex h-9 w-full appearance-none rounded-md border border-slate-300 bg-white px-3 py-1 pr-8 text-sm text-slate-900 focus-visible:outline-none focus-visible:ring-1 focus-visible:ring-accent-700 focus-visible:border-accent-700 disabled:cursor-not-allowed disabled:bg-slate-100 disabled:text-slate-500 transition-colors shadow-sm\"\u001b[39m\n    \u001b[33mid\u001b[39m=\u001b[32m\":rh:\"\u001b[39m\n  \u001b[36m/>\u001b[39m\n\n  --------------------------------------------------\n  option:\n\n  Name \"Yes - Heavy Rainfall (>100mm)\":\n  \u001b[36m<option\u001b[39m\n    \u001b[33mvalue\u001b[39m=\u001b[32m\"Yes - Heavy Rainfall (>100mm)\"\u001b[39m\n  \u001b[36m/>\u001b[39m\n\n  Name \"Yes - Dam Release\":\n  \u001b[36m<option\u001b[39m\n    \u001b[33mvalue\u001b[39m=\u001b[32m\"Yes - Dam Release\"\u001b[39m\n  \u001b[36m/>\u001b[39m\n\n  Name \"No - Normal Flow\":\n  \u001b[36m<option\u001b[39m\n    \u001b[33mvalue\u001b[39m=\u001b[32m\"No - Normal Flow\"\u001b[39m\n  \u001b[36m/>\u001b[39m\n\n  Name \"Unknown\":\n  \u001b[36m<option\u001b[39m\n    \u001b[33mvalue\u001b[39m=\u001b[32m\"Unknown\"\u001b[39m\n  \u001b[36m/>\u001b[39m\n\n  Name \"Same Season (Monsoon vs Monsoon)\":\n  \u001b[36m<option\u001b[39m\n    \u001b[33mvalue\u001b[39m=\u001b[32m\"Same Season (Monsoon vs Monsoon)\"\u001b[39m\n  \u001b[36m/>\u001b[39m\n\n  Name \"Same Season (Dry vs Dry)\":\n  \u001b[36m<option\u001b[39m\n    \u001b[33mvalue\u001b[39m=\u001b[32m\"Same Season (Dry vs Dry)\"\u001b[39m\n  \u001b[36m/>\u001b[39m\n\n  Name \"Cross-Season (Monsoon vs Dry)\":\n  \u001b[36m<option\u001b[39m\n    \u001b[33mvalue\u001b[39m=\u001b[32m\"Cross-Season (Monsoon vs Dry)\"\u001b[39m\n  \u001b[36m/>\u001b[39m\n\n  Name \"Post-Flood Event Analysis\":\n  \u001b[36m<option\u001b[39m\n    \u001b[33mvalue\u001b[39m=\u001b[32m\"Post-Flood Event Analysis\"\u001b[39m\n  \u001b[36m/>\u001b[39m\n\n  Name \"< 500m (Immediate Risk)\":\n  \u001b[36m<option\u001b[39m\n    \u001b[33mvalue\u001b[39m=\u001b[32m\"< 500m (Immediate Risk)\"\u001b[39m\n  \u001b[36m/>\u001b[39m\n\n  Name \"500m - 2km (Moderate Risk)\":\n  \u001b[36m<option\u001b[39m\n    \u001b[33mvalue\u001b[39m=\u001b[32m\"500m - 2km (Moderate Risk)\"\u001b[39m\n  \u001b[36m/>\u001b[39m\n\n  Name \"> 2km (Low Risk)\":\n  \u001b[36m<option\u001b[39m\n    \u001b[33mvalue\u001b[39m=\u001b[32m\"> 2km (Low Risk)\"\u001b[39m\n  \u001b[36m/>\u001b[39m\n\n  --------------------------------------------------\n\nIgnored nodes: comments, script, style\n\u001b[36m<body>\u001b[39m\n  \u001b[36m<div>\u001b[39m\n    \u001b[36m<div\u001b[39m\n      \u001b[33mclass\u001b[39m=\u001b[32m\"mx-auto max-w-5xl space-y-8 pb-10\"\u001b[39m\n    \u001b[36m>\u001b[39m\n      \u001b[36m<div\u001b[39m\n        \u001b[33mclass\u001b[39m=\u001b[32m\"flex flex-col gap-3 pb-6 md:flex-row md:items-center md:justify-between border-b border-slate-200\"\u001b[39m\n      \u001b[36m>\u001b[39m\n        \u001b[36m<div\u001b[39m\n          \u001b[33mclass\u001b[39m=\u001b[32m\"space-y-1\"\u001b[39m\n        \u001b[36m>\u001b[39m\n          \u001b[36m<div\u001b[39m\n            \u001b[33mclass\u001b[39m=\u001b[32m\"flex items-center gap-2.5\"\u001b[39m\n          \u001b[36m>\u001b[39m\n            \u001b[36m<h1\u001b[39m\n              \u001b[33mclass\u001b[39m=\u001b[32m\"text-xl font-bold tracking-tight text-slate-900\"\u001b[39m\n            \u001b[36m>\u001b[39m\n              \u001b[0mNew Environmental Analysis\u001b[0m\n            \u001b[36m</h1>\u001b[39m\n          \u001b[36m</div>\u001b[39m\n          \u001b[36m<p\u001b[39m\n            \u001b[33mclass\u001b[39m=\u001b[32m\"text-xs text-slate-500 max-w-3xl leading-relaxed\"\u001b[39m\n          \u001b[36m>\u001b[39m\n            \u001b[0mCompare imagery from two dates to investigate environmental change.\u001b[0m\n          \u001b[36m</p>\u001b[39m\n        \u001b[36m</div>\u001b[39m\n        \u001b[36m<div\u001b[39m\n          \u001b[33mclass\u001b[39m=\u001b[32m\"flex items-center gap-2.5 shrink-0\"\u001b[39m\n        \u001b[36m>\u001b[39m\n          \u001b[36m<a\u001b[39m\n            \u001b[33mhref\u001b[39m=\u001b[32m\"/\"\u001b[39m\n          \u001b[36m>\u001b[39m\n            \u001b[36m<button\u001b[39m\n              \u001b[33mclass\u001b[39m=\u001b[32m\"inline-flex items-center justify-center font-medium transition-colors focus-visible:outline-none focus-visible:ring-2 focus-visible:ring-offset-2 disabled:pointer-events-none disabled:opacity-50 select-none border border-slate-300 bg-white text-slate-700 hover:bg-slate-50 active:bg-slate-100 focus-visible:ring-slate-400 shadow-sm h-8 px-3 text-xs rounded gap-1.5\"\u001b[39m\n            \u001b[36m>\u001b[39m\n              \u001b[36m<svg\u001b[39m\n                \u001b[33mclass\u001b[39m=\u001b[32m\"lucide lucide-arrow-left h-4 w-4\"\u001b[39m\n                \u001b[33mfill\u001b[39m=\u001b[32m\"none\"\u001b[39m\n                \u001b[33mheight\u001b[39m=\u001b[32m\"24\"\u001b[39m\n                \u001b[33mstroke\u001b[39m=\u001b[32m\"currentColor\"\u001b[39m\n                \u001b[33mstroke-linecap\u001b[39m=\u001b[32m\"round\"\u001b[39m\n                \u001b[33mstroke-linejoin\u001b[39m=\u001b[32m\"round\"\u001b[39m\n                \u001b[33mstroke-width\u001b[39m=\u001b[32m\"2\"\u001b[39m\n                \u001b[33mviewBox\u001b[39m=\u001b[32m\"0 0 24 24\"\u001b[39m\n                \u001b[33mwidth\u001b[39m=\u001b[32m\"24\"\u001b[39m\n                \u001b[33mxmlns\u001b[39m=\u001b[32m\"http://www.w3.org/2000/svg\"\u001b[39m\n              \u001b[36m>\u001b[39m\n                \u001b[36m<path\u001b[39m\n                  \u001b[33md\u001b[39m=\u001b[32m\"m12 19-7-7 7-7\"\u001b[39m\n                \u001b[36m/>\u001b[39m\n                \u001b[36m<path\u001b[39m\n                  \u001b[33md\u001b[39m=\u001b[32m\"M19 12H5\"\u001b[39m\n                \u001b[36m/>\u001b[39m\n              \u001b[36m</svg>\u001b[39m\n              \u001b[0mBack to Overview\u001b[0m\n            \u001b[36m</button>\u001b[39m\n          \u001b[36m</a>\u001b[39m\n        \u001b[36m</div>\u001b[39m\n      \u001b[36m</div>\u001b[39m\n      \u001b[36m<div\u001b[39m\n        \u001b[33mclass\u001b[39m=\u001b[32m\"rounded-xl border border-slate-200 bg-white p-4 shadow-sm\"\u001b[39m\n      \u001b[36m>\u001b[39m\n        \u001b[36m<div\u001b[39m\n          \u001b[33mclass\u001b[39m=\u001b[32m\"mb-4 flex items-center justify-between gap-2\"\u001b[39m\n        \u001b[36m>\u001b[39m\n          \u001b[36m<div>\u001b[39m\n            \u001b[36m<p\u001b[39m\n              \u001b[33mclass\u001b[39m=\u001b[32m\"text-[10px] font-bold uppercase tracking-[0.22em] text-slate-500\"\u001b[39m\n            \u001b[36m>\u001b[39m\n              \u001b[0mProgress\u001b[0m\n            \u001b[36m</p>\u001b[39m\n            \u001b[36m<h2\u001b[39m\n              \u001b[33mclass\u001b[39m=\u001b[32m\"text-sm font-semibold text-slate-900\"\u001b[39m\n            \u001b[36m>\u001b[39m\n              \u001b[0mAnalysis preparation workflow\u001b[0m\n            \u001b[36m</h2>\u001b[39m\n          \u001b[36m</div>\u001b[39m\n          \u001b[36m<span\u001b[39m\n            \u001b[33mclass\u001b[39m=\u001b[32m\"text-xs font-semibold text-slate-600\"\u001b[39m\n          \u001b[36m>\u001b[39m\n            \u001b[0m3\u001b[0m\n            \u001b[0m / \u001b[0m\n            \u001b[0m5\u001b[0m\n          \u001b[36m</span>\u001b[39m\n        \u001b[36m</div>\u001b[39m\n        \u001b[36m<div\u001b[39m\n          \u001b[33mclass\u001b[39m=\u001b[32m\"grid gap-2 md:grid-cols-5\"\u001b[39m\n        \u001b[36m>\u001b[39m\n          \u001b[36m<div\u001b[39m\n            \u001b[33mclass\u001b[39m=\u001b[32m\"rounded-lg border px-3 py-2 text-left transition-colors border-slate-200 bg-slate-50 border-emerald-200 bg-emerald-50\"\u001b[39m\n          \u001b[36m>\u001b[39m\n            \u001b[36m<div\u001b[39m\n              \u001b[33mclass\u001b[39m=\u001b[32m\"mb-1 flex items-center gap-2\"\u001b[39m\n            \u001b[36m>\u001b[39m\n              \u001b[36m<span\u001b[39m\n                \u001b[33mclass\u001b[39m=\u001b[32m\"flex h-5 w-5 items-center justify-center rounded-full text-[10px] font-bold text-white bg-accent-700\"\u001b[39m\n              \u001b[36m>\u001b[39m\n                \u001b[0m1\u001b[0m\n              \u001b[36m</span>\u001b[39m\n              \u001b[36m<span\u001b[39m\n                \u001b[33mclass\u001b[39m=\u001b[32m\"text-[11px] font-semibold uppercase tracking-wider text-slate-700\"\u001b[39m\n              \u001b[36m>\u001b[39m\n                \u001b[0mEnvironment\u001b[0m\n              \u001b[36m</span>\u001b[39m\n            \u001b[36m</div>\u001b[39m\n            \u001b[36m<p\u001b[39m\n              \u001b[33mclass\u001b[39m=\u001b[32m\"text-[11px] text-slate-500\"\u001b[39m\n            \u001b[36m>\u001b[39m\n              \u001b[0mSelect domain\u001b[0m\n            \u001b[36m</p>\u001b[39m\n          \u001b[36m</div>\u001b[39m\n          \u001b[36m<div\u001b[39m\n            \u001b[33mclass\u001b[39m=\u001b[32m\"rounded-lg border px-3 py-2 text-left transition-colors border-slate-200 bg-slate-50 border-emerald-200 bg-emerald-50\"\u001b[39m\n          \u001b[36m>\u001b[39m\n            \u001b[36m<div\u001b[39m\n              \u001b[33mclass\u001b[39m=\u001b[32m\"mb-1 flex items-center gap-2\"\u001b[39m\n            \u001b[36m>\u001b[39m\n              \u001b[36m<span\u001b[39m\n                \u001b[33mclass\u001b[39m=\u001b[32m\"flex h-5 w-5 items-center justify-center rounded-full text-[10px] font-bold text-white bg-accent-700\"\u001b[39m\n              \u001b[36m>\u001b[39m\n                \u001b[0m2\u001b[0m\n              \u001b[36m</span>\u001b[39m\n              \u001b[36m<span\u001b[39m\n                \u001b[33mclass\u001b[39m=\u001b[32m\"text-[11px] font-semibold uppercase tracking-wider text-slate-700\"\u001b[39m\n              \u001b[36m>\u001b[39m\n                \u001b[0mLocation\u001b[0m\n              \u001b[36m</span>\u001b[39m\n            \u001b[36m</div>\u001b[39m\n            \u001b[36m<p\u001b[39m\n              \u001b[33mclass\u001b[39m=\u001b[32m\"text-[11px] text-slate-500\"\u001b[39m\n            \u001b[36m>\u001b[39m\n              \u001b[0mArea details\u001b[0m\n            \u001b[36m</p>\u001b[39m\n          \u001b[36m</div>\u001b[39m\n          \u001b[36m<div\u001b[39m\n            \u001b[33mclass\u001b[39m=\u001b[32m\"rounded-lg border px-3 py-2 text-left transition-colors border-accent-700 bg-accent-50/40 \"\u001b[39m\n          \u001b[36m>\u001b[39m\n            \u001b[36m<div\u001b[39m\n              \u001b[33mclass\u001b[39m=\u001b[32m\"mb-1 flex items-center gap-2\"\u001b[39m\n            \u001b[36m>\u001b[39m\n              \u001b[36m<span\u001b[39m\n                \u001b[33mclass\u001b[39m=\u001b[32m\"flex h-5 w-5 items-center justify-center rounded-full text-[10px] font-bold text-white bg-accent-700\"\u001b[39m\n              \u001b[36m>\u001b[39m\n                \u001b[0m3\u001b[0m\n              \u001b[36m</span>\u001b[39m\n              \u001b[36m<span\u001b[39m\n                \u001b[33mclass\u001b[39m=\u001b[32m\"text-[11px] font-semibold uppercase tracking-wider text-slate-700\"\u001b[39m\n              \u001b[36m>\u001b[39m\n                \u001b[0mInvestigation\u001b[0m\n              \u001b[36m</span>\u001b[39m\n            \u001b[36m</div>\u001b[39m\n            \u001b[36m<p\u001b[39m\n              \u001b[33mclass\u001b[39m=\u001b[32m\"text-[11px] text-slate-500\"\u001b[39m\n            \u001b[36m>\u001b[39m\n              \u001b[0mContext + types\u001b[0m\n            \u001b[36m</p>\u001b[39m\n          \u001b[36m</div>\u001b[39m\n          \u001b[36m<div\u001b[39m\n            ...\n    at Object.getElementError (C:\\Users\\nandh\\.gemini\\antigravity\\scratch\\environmental-intelligence-platform\\frontend\\node_modules\\@testing-library\\dom\\dist\\config.js:37:19)\n    at C:\\Users\\nandh\\.gemini\\antigravity\\scratch\\environmental-intelligence-platform\\frontend\\node_modules\\@testing-library\\dom\\dist\\query-helpers.js:76:38\n    at C:\\Users\\nandh\\.gemini\\antigravity\\scratch\\environmental-intelligence-platform\\frontend\\node_modules\\@testing-library\\dom\\dist\\query-helpers.js:52:17\n    at C:\\Users\\nandh\\.gemini\\antigravity\\scratch\\environmental-intelligence-platform\\frontend\\node_modules\\@testing-library\\dom\\dist\\query-helpers.js:95:19\n    at C:\\Users\\nandh\\.gemini\\antigravity\\scratch\\environmental-intelligence-platform\\frontend\\src\\tests\\new-analysis-page.test.tsx:28:28\n    at file:///C:/Users/nandh/.gemini/antigravity/scratch/environmental-intelligence-platform/frontend/node_modules/@vitest/runner/dist/index.js:533:5\n    at runTest (file:///C:/Users/nandh/.gemini/antigravity/scratch/environmental-intelligence-platform/frontend/node_modules/@vitest/runner/dist/index.js:1056:11)\n    at runSuite (file:///C:/Users/nandh/.gemini/antigravity/scratch/environmental-intelligence-platform/frontend/node_modules/@vitest/runner/dist/index.js:1205:15)\n    at runSuite (file:///C:/Users/nandh/.gemini/antigravity/scratch/environmental-intelligence-platform/frontend/node_modules/@vitest/runner/dist/index.js:1205:15)\n    at runFiles (file:///C:/Users/nandh/.gemini/antigravity/scratch/environmental-intelligence-platform/frontend/node_modules/@vitest/runner/dist/index.js:1262:5)"],"meta":{}},{"ancestorTitles":["NewAnalysisPage (Phase 3 workflow)"],"fullName":"NewAnalysisPage (Phase 3 workflow) blocks invalid submissions and requires required location fields","status":"passed","title":"blocks invalid submissions and requires required location fields","duration":37.14260000000013,"failureMessages":[],"meta":{}},{"ancestorTitles":["NewAnalysisPage (Phase 3 workflow)"],"fullName":"NewAnalysisPage (Phase 3 workflow) allows a valid river workflow to move through imagery and review","status":"failed","title":"allows a valid river workflow to move through imagery and review","duration":124.58660000000009,"failureMessages":["TestingLibraryElementError: Unable to find a label with the text of: /before image/i\n\nIgnored nodes: comments, script, style\n\u001b[36m<body>\u001b[39m\n  \u001b[36m<div>\u001b[39m\n    \u001b[36m<div\u001b[39m\n      \u001b[33mclass\u001b[39m=\u001b[32m\"mx-auto max-w-5xl space-y-8 pb-10\"\u001b[39m\n    \u001b[36m>\u001b[39m\n      \u001b[36m<div\u001b[39m\n        \u001b[33mclass\u001b[39m=\u001b[32m\"flex flex-col gap-3 pb-6 md:flex-row md:items-center md:justify-between border-b border-slate-200\"\u001b[39m\n      \u001b[36m>\u001b[39m\n        \u001b[36m<div\u001b[39m\n          \u001b[33mclass\u001b[39m=\u001b[32m\"space-y-1\"\u001b[39m\n        \u001b[36m>\u001b[39m\n          \u001b[36m<div\u001b[39m\n            \u001b[33mclass\u001b[39m=\u001b[32m\"flex items-center gap-2.5\"\u001b[39m\n          \u001b[36m>\u001b[39m\n            \u001b[36m<h1\u001b[39m\n              \u001b[33mclass\u001b[39m=\u001b[32m\"text-xl font-bold tracking-tight text-slate-900\"\u001b[39m\n            \u001b[36m>\u001b[39m\n              \u001b[0mNew Environmental Analysis\u001b[0m\n            \u001b[36m</h1>\u001b[39m\n          \u001b[36m</div>\u001b[39m\n          \u001b[36m<p\u001b[39m\n            \u001b[33mclass\u001b[39m=\u001b[32m\"text-xs text-slate-500 max-w-3xl leading-relaxed\"\u001b[39m\n          \u001b[36m>\u001b[39m\n            \u001b[0mCompare imagery from two dates to investigate environmental change.\u001b[0m\n          \u001b[36m</p>\u001b[39m\n        \u001b[36m</div>\u001b[39m\n        \u001b[36m<div\u001b[39m\n          \u001b[33mclass\u001b[39m=\u001b[32m\"flex items-center gap-2.5 shrink-0\"\u001b[39m\n        \u001b[36m>\u001b[39m\n          \u001b[36m<a\u001b[39m\n            \u001b[33mhref\u001b[39m=\u001b[32m\"/\"\u001b[39m\n          \u001b[36m>\u001b[39m\n            \u001b[36m<button\u001b[39m\n              \u001b[33mclass\u001b[39m=\u001b[32m\"inline-flex items-center justify-center font-medium transition-colors focus-visible:outline-none focus-visible:ring-2 focus-visible:ring-offset-2 disabled:pointer-events-none disabled:opacity-50 select-none border border-slate-300 bg-white text-slate-700 hover:bg-slate-50 active:bg-slate-100 focus-visible:ring-slate-400 shadow-sm h-8 px-3 text-xs rounded gap-1.5\"\u001b[39m\n            \u001b[36m>\u001b[39m\n              \u001b[36m<svg\u001b[39m\n                \u001b[33mclass\u001b[39m=\u001b[32m\"lucide lucide-arrow-left h-4 w-4\"\u001b[39m\n                \u001b[33mfill\u001b[39m=\u001b[32m\"none\"\u001b[39m\n                \u001b[33mheight\u001b[39m=\u001b[32m\"24\"\u001b[39m\n                \u001b[33mstroke\u001b[39m=\u001b[32m\"currentColor\"\u001b[39m\n                \u001b[33mstroke-linecap\u001b[39m=\u001b[32m\"round\"\u001b[39m\n                \u001b[33mstroke-linejoin\u001b[39m=\u001b[32m\"round\"\u001b[39m\n                \u001b[33mstroke-width\u001b[39m=\u001b[32m\"2\"\u001b[39m\n                \u001b[33mviewBox\u001b[39m=\u001b[32m\"0 0 24 24\"\u001b[39m\n                \u001b[33mwidth\u001b[39m=\u001b[32m\"24\"\u001b[39m\n                \u001b[33mxmlns\u001b[39m=\u001b[32m\"http://www.w3.org/2000/svg\"\u001b[39m\n              \u001b[36m>\u001b[39m\n                \u001b[36m<path\u001b[39m\n                  \u001b[33md\u001b[39m=\u001b[32m\"m12 19-7-7 7-7\"\u001b[39m\n                \u001b[36m/>\u001b[39m\n                \u001b[36m<path\u001b[39m\n                  \u001b[33md\u001b[39m=\u001b[32m\"M19 12H5\"\u001b[39m\n                \u001b[36m/>\u001b[39m\n              \u001b[36m</svg>\u001b[39m\n              \u001b[0mBack to Overview\u001b[0m\n            \u001b[36m</button>\u001b[39m\n          \u001b[36m</a>\u001b[39m\n        \u001b[36m</div>\u001b[39m\n      \u001b[36m</div>\u001b[39m\n      \u001b[36m<div\u001b[39m\n        \u001b[33mclass\u001b[39m=\u001b[32m\"rounded-xl border border-slate-200 bg-white p-4 shadow-sm\"\u001b[39m\n      \u001b[36m>\u001b[39m\n        \u001b[36m<div\u001b[39m\n          \u001b[33mclass\u001b[39m=\u001b[32m\"mb-4 flex items-center justify-between gap-2\"\u001b[39m\n        \u001b[36m>\u001b[39m\n          \u001b[36m<div>\u001b[39m\n            \u001b[36m<p\u001b[39m\n              \u001b[33mclass\u001b[39m=\u001b[32m\"text-[10px] font-bold uppercase tracking-[0.22em] text-slate-500\"\u001b[39m\n            \u001b[36m>\u001b[39m\n              \u001b[0mProgress\u001b[0m\n            \u001b[36m</p>\u001b[39m\n            \u001b[36m<h2\u001b[39m\n              \u001b[33mclass\u001b[39m=\u001b[32m\"text-sm font-semibold text-slate-900\"\u001b[39m\n            \u001b[36m>\u001b[39m\n              \u001b[0mAnalysis preparation workflow\u001b[0m\n            \u001b[36m</h2>\u001b[39m\n          \u001b[36m</div>\u001b[39m\n          \u001b[36m<span\u001b[39m\n            \u001b[33mclass\u001b[39m=\u001b[32m\"text-xs font-semibold text-slate-600\"\u001b[39m\n          \u001b[36m>\u001b[39m\n            \u001b[0m3\u001b[0m\n            \u001b[0m / \u001b[0m\n            \u001b[0m5\u001b[0m\n          \u001b[36m</span>\u001b[39m\n        \u001b[36m</div>\u001b[39m\n        \u001b[36m<div\u001b[39m\n          \u001b[33mclass\u001b[39m=\u001b[32m\"grid gap-2 md:grid-cols-5\"\u001b[39m\n        \u001b[36m>\u001b[39m\n          \u001b[36m<div\u001b[39m\n            \u001b[33mclass\u001b[39m=\u001b[32m\"rounded-lg border px-3 py-2 text-left transition-colors border-slate-200 bg-slate-50 border-emerald-200 bg-emerald-50\"\u001b[39m\n          \u001b[36m>\u001b[39m\n            \u001b[36m<div\u001b[39m\n              \u001b[33mclass\u001b[39m=\u001b[32m\"mb-1 flex items-center gap-2\"\u001b[39m\n            \u001b[36m>\u001b[39m\n              \u001b[36m<span\u001b[39m\n                \u001b[33mclass\u001b[39m=\u001b[32m\"flex h-5 w-5 items-center justify-center rounded-full text-[10px] font-bold text-white bg-accent-700\"\u001b[39m\n              \u001b[36m>\u001b[39m\n                \u001b[0m1\u001b[0m\n              \u001b[36m</span>\u001b[39m\n              \u001b[36m<span\u001b[39m\n                \u001b[33mclass\u001b[39m=\u001b[32m\"text-[11px] font-semibold uppercase tracking-wider text-slate-700\"\u001b[39m\n              \u001b[36m>\u001b[39m\n                \u001b[0mEnvironment\u001b[0m\n              \u001b[36m</span>\u001b[39m\n            \u001b[36m</div>\u001b[39m\n            \u001b[36m<p\u001b[39m\n              \u001b[33mclass\u001b[39m=\u001b[32m\"text-[11px] text-slate-500\"\u001b[39m\n            \u001b[36m>\u001b[39m\n              \u001b[0mSelect domain\u001b[0m\n            \u001b[36m</p>\u001b[39m\n          \u001b[36m</div>\u001b[39m\n          \u001b[36m<div\u001b[39m\n            \u001b[33mclass\u001b[39m=\u001b[32m\"rounded-lg border px-3 py-2 text-left transition-colors border-slate-200 bg-slate-50 border-emerald-200 bg-emerald-50\"\u001b[39m\n          \u001b[36m>\u001b[39m\n            \u001b[36m<div\u001b[39m\n              \u001b[33mclass\u001b[39m=\u001b[32m\"mb-1 flex items-center gap-2\"\u001b[39m\n            \u001b[36m>\u001b[39m\n              \u001b[36m<span\u001b[39m\n                \u001b[33mclass\u001b[39m=\u001b[32m\"flex h-5 w-5 items-center justify-center rounded-full text-[10px] font-bold text-white bg-accent-700\"\u001b[39m\n              \u001b[36m>\u001b[39m\n                \u001b[0m2\u001b[0m\n              \u001b[36m</span>\u001b[39m\n              \u001b[36m<span\u001b[39m\n                \u001b[33mclass\u001b[39m=\u001b[32m\"text-[11px] font-semibold uppercase tracking-wider text-slate-700\"\u001b[39m\n              \u001b[36m>\u001b[39m\n                \u001b[0mLocation\u001b[0m\n              \u001b[36m</span>\u001b[39m\n            \u001b[36m</div>\u001b[39m\n            \u001b[36m<p\u001b[39m\n              \u001b[33mclass\u001b[39m=\u001b[32m\"text-[11px] text-slate-500\"\u001b[39m\n            \u001b[36m>\u001b[39m\n              \u001b[0mArea details\u001b[0m\n            \u001b[36m</p>\u001b[39m\n          \u001b[36m</div>\u001b[39m\n          \u001b[36m<div\u001b[39m\n            \u001b[33mclass\u001b[39m=\u001b[32m\"rounded-lg border px-3 py-2 text-left transition-colors border-accent-700 bg-accent-50/40 \"\u001b[39m\n          \u001b[36m>\u001b[39m\n            \u001b[36m<div\u001b[39m\n              \u001b[33mclass\u001b[39m=\u001b[32m\"mb-1 flex items-center gap-2\"\u001b[39m\n            \u001b[36m>\u001b[39m\n              \u001b[36m<span\u001b[39m\n                \u001b[33mclass\u001b[39m=\u001b[32m\"flex h-5 w-5 items-center justify-center rounded-full text-[10px] font-bold text-white bg-accent-700\"\u001b[39m\n              \u001b[36m>\u001b[39m\n                \u001b[0m3\u001b[0m\n              \u001b[36m</span>\u001b[39m\n              \u001b[36m<span\u001b[39m\n                \u001b[33mclass\u001b[39m=\u001b[32m\"text-[11px] font-semibold uppercase tracking-wider text-slate-700\"\u001b[39m\n              \u001b[36m>\u001b[39m\n                \u001b[0mInvestigation\u001b[0m\n              \u001b[36m</span>\u001b[39m\n            \u001b[36m</div>\u001b[39m\n            \u001b[36m<p\u001b[39m\n              \u001b[33mclass\u001b[39m=\u001b[32m\"text-[11px] text-slate-500\"\u001b[39m\n            \u001b[36m>\u001b[39m\n              \u001b[0mContext + types\u001b[0m\n            \u001b[36m</p>\u001b[39m\n          \u001b[36m</div>\u001b[39m\n          \u001b[36m<div\u001b[39m\n            ...\n    at Object.getElementError (C:\\Users\\nandh\\.gemini\\antigravity\\scratch\\environmental-intelligence-platform\\frontend\\node_modules\\@testing-library\\dom\\dist\\config.js:37:19)\n    at getAllByLabelText (C:\\Users\\nandh\\.gemini\\antigravity\\scratch\\environmental-intelligence-platform\\frontend\\node_modules\\@testing-library\\dom\\dist\\queries\\label-text.js:111:38)\n    at C:\\Users\\nandh\\.gemini\\antigravity\\scratch\\environmental-intelligence-platform\\frontend\\node_modules\\@testing-library\\dom\\dist\\query-helpers.js:52:17\n    at C:\\Users\\nandh\\.gemini\\antigravity\\scratch\\environmental-intelligence-platform\\frontend\\node_modules\\@testing-library\\dom\\dist\\query-helpers.js:95:19\n    at C:\\Users\\nandh\\.gemini\\antigravity\\scratch\\environmental-intelligence-platform\\frontend\\src\\tests\\new-analysis-page.test.tsx:73:32\n    at file:///C:/Users/nandh/.gemini/antigravity/scratch/environmental-intelligence-platform/frontend/node_modules/@vitest/runner/dist/index.js:146:14\n    at file:///C:/Users/nandh/.gemini/antigravity/scratch/environmental-intelligence-platform/frontend/node_modules/@vitest/runner/dist/index.js:533:11\n    at runWithTimeout (file:///C:/Users/nandh/.gemini/antigravity/scratch/environmental-intelligence-platform/frontend/node_modules/@vitest/runner/dist/index.js:39:7)\n    at runTest (file:///C:/Users/nandh/.gemini/antigravity/scratch/environmental-intelligence-platform/frontend/node_modules/@vitest/runner/dist/index.js:1056:17)\n    at runSuite (file:///C:/Users/nandh/.gemini/antigravity/scratch/environmental-intelligence-platform/frontend/node_modules/@vitest/runner/dist/index.js:1205:15)"],"meta":{}}],"startTime":1789251130663,"endTime":1789251131243.5867,"status":"failed","message":"","name":"C:/Users/nandh/.gemini/antigravity/scratch/environmental-intelligence-platform/frontend/src/tests/new-analysis-page.test.tsx"}]}